2023-03-09 09:01:12.057  INFO 95696 --- [main] com.hk.im.admin.IMAdminApplication       : Starting IMAdminApplication using Java 17.0.2 on DESKTOP-PICLGLQ with PID 95696 (F:\JavaCode\HotKeyIM\im-web\im-admin\target\classes started by HK意境 in F:\JavaCode\HotKeyIM)
2023-03-09 09:01:12.085  INFO 95696 --- [main] com.hk.im.admin.IMAdminApplication       : The following 1 profile is active: "dev"
2023-03-09 09:01:20.195  INFO 95696 --- [main] .s.d.r.c.RepositoryConfigurationDelegate : Multiple Spring Data modules found, entering strict repository configuration mode!
2023-03-09 09:01:20.195  INFO 95696 --- [main] .s.d.r.c.RepositoryConfigurationDelegate : Bootstrapping Spring Data JPA repositories in DEFAULT mode.
2023-03-09 09:01:20.234  INFO 95696 --- [main] .s.d.r.c.RepositoryConfigurationDelegate : Finished Spring Data repository scanning in 18 ms. Found 0 JPA repository interfaces.
2023-03-09 09:01:20.305  INFO 95696 --- [main] .s.d.r.c.RepositoryConfigurationDelegate : Multiple Spring Data modules found, entering strict repository configuration mode!
2023-03-09 09:01:20.308  INFO 95696 --- [main] .s.d.r.c.RepositoryConfigurationDelegate : Bootstrapping Spring Data Redis repositories in DEFAULT mode.
2023-03-09 09:01:20.362  INFO 95696 --- [main] .s.d.r.c.RepositoryConfigurationDelegate : Finished Spring Data repository scanning in 9 ms. Found 0 Redis repository interfaces.
2023-03-09 09:01:21.169  INFO 95696 --- [main] trationDelegate$BeanPostProcessorChecker : Bean 'methodTraceAdvice' of type [com.hk.im.admin.advice.MethodTraceAdvice$$EnhancerBySpringCGLIB$$bb772c7a] is not eligible for getting processed by all BeanPostProcessors (for example: not eligible for auto-proxying)
2023-03-09 09:01:21.201  INFO 95696 --- [main] trationDelegate$BeanPostProcessorChecker : Bean 'methodTraceAdvisor' of type [org.springframework.aop.support.DefaultPointcutAdvisor] is not eligible for getting processed by all BeanPostProcessors (for example: not eligible for auto-proxying)
2023-03-09 09:01:22.389  INFO 95696 --- [main] o.s.b.w.embedded.tomcat.TomcatWebServer  : Tomcat initialized with port(s): 9090 (http)
2023-03-09 09:01:22.409  INFO 95696 --- [main] o.apache.catalina.core.StandardService   : Starting service [Tomcat]
2023-03-09 09:01:22.409  INFO 95696 --- [main] org.apache.catalina.core.StandardEngine  : Starting Servlet engine: [Apache Tomcat/9.0.63]
2023-03-09 09:01:22.839  INFO 95696 --- [main] o.a.c.c.C.[Tomcat].[localhost].[/admin]  : Initializing Spring embedded WebApplicationContext
2023-03-09 09:01:22.840  INFO 95696 --- [main] w.s.c.ServletWebServerApplicationContext : Root WebApplicationContext: initialization completed in 10546 ms
2023-03-09 09:01:24.159  INFO 95696 --- [main] c.a.d.s.b.a.DruidDataSourceAutoConfigure : Init DruidDataSource
2023-03-09 09:01:25.570  INFO 95696 --- [main] com.alibaba.druid.pool.DruidDataSource   : {dataSource-1} inited
2023-03-09 09:01:25.813  INFO 95696 --- [main] o.hibernate.jpa.internal.util.LogHelper  : HHH000204: Processing PersistenceUnitInfo [name: default]
2023-03-09 09:01:26.033  INFO 95696 --- [main] org.hibernate.Version                    : HHH000412: Hibernate ORM core version 5.6.9.Final
2023-03-09 09:01:26.462  INFO 95696 --- [main] o.hibernate.annotations.common.Version   : HCANN000001: Hibernate Commons Annotations {5.1.2.Final}
2023-03-09 09:01:26.720  INFO 95696 --- [main] org.hibernate.dialect.Dialect            : HHH000400: Using dialect: org.hibernate.dialect.MySQL8Dialect
2023-03-09 09:01:27.109  INFO 95696 --- [main] o.h.e.t.j.p.i.JtaPlatformInitiator       : HHH000490: Using JtaPlatform implementation: [org.hibernate.engine.transaction.jta.platform.internal.NoJtaPlatform]
2023-03-09 09:01:27.137  INFO 95696 --- [main] j.LocalContainerEntityManagerFactoryBean : Initialized JPA EntityManagerFactory for persistence unit 'default'
2023-03-09 09:01:28.303  WARN 95696 --- [main] c.b.m.core.injector.DefaultSqlInjector   : class com.hk.im.domain.entity.CollectEmoticon ,Not found @TableId annotation, Cannot use Mybatis-Plus 'xxById' Method.
2023-03-09 09:01:28.910  WARN 95696 --- [main] c.b.m.core.injector.DefaultSqlInjector   : class com.hk.im.domain.entity.LikePost ,Not found @TableId annotation, Cannot use Mybatis-Plus 'xxById' Method.
2023-03-09 09:01:29.052  WARN 95696 --- [main] c.b.m.core.injector.DefaultSqlInjector   : class com.hk.im.domain.entity.NoteTag ,Not found @TableId annotation, Cannot use Mybatis-Plus 'xxById' Method.
2023-03-09 09:01:29.207  WARN 95696 --- [main] c.b.m.core.injector.DefaultSqlInjector   : class com.hk.im.domain.entity.UserCollection ,Not found @TableId annotation, Cannot use Mybatis-Plus 'xxById' Method.
2023-03-09 09:01:30.715  INFO 95696 --- [main] c.h.i.server.chat.config.MetaDataConfig  : chat server address:localhost
2023-03-09 09:01:30.717  INFO 95696 --- [main] c.h.i.server.chat.config.MetaDataConfig  : chat server port:9870
2023-03-09 09:01:30.717  INFO 95696 --- [main] c.h.i.server.chat.config.MetaDataConfig  : chat server serializer:Json
2023-03-09 09:01:30.717  INFO 95696 --- [main] c.h.i.server.chat.config.MetaDataConfig  : chat server path:/channel
2023-03-09 09:01:30.727  INFO 95696 --- [main] c.h.i.s.p.comsumer.SendMessageConsumer   : sendMessage consumer bean created
2023-03-09 09:01:31.906  INFO 95696 --- [main] c.h.i.s.p.config.ExecutorConfiguration   : start asyncServiceExecutor
2023-03-09 09:01:32.012  WARN 95696 --- [main] JpaBaseConfiguration$JpaWebConfiguration : spring.jpa.open-in-view is enabled by default. Therefore, database queries may be performed during view rendering. Explicitly configure spring.jpa.open-in-view to disable this warning
2023-03-09 09:01:33.271  INFO 95696 --- [main] a.r.s.s.DefaultRocketMQListenerContainer : running container: DefaultRocketMQListenerContainer{consumerGroup='chat-connect-group', namespace='', nameServer='47.108.146.141:9876', topic='connect-topic', consumeMode=CONCURRENTLY, selectorType=TAG, selectorExpression='*', messageModel=CLUSTERING', tlsEnable=false}
2023-03-09 09:01:33.272  INFO 95696 --- [main] o.a.r.s.a.ListenerContainerConfiguration : Register the listener to container, listenerBeanName:userConnectedConsumer, containerBeanName:org.apache.rocketmq.spring.support.DefaultRocketMQListenerContainer_1
2023-03-09 09:01:33.436  INFO 95696 --- [main] a.r.s.s.DefaultRocketMQListenerContainer : running container: DefaultRocketMQListenerContainer{consumerGroup='chat-message-group', namespace='', nameServer='47.108.146.141:9876', topic='chat-topic', consumeMode=CONCURRENTLY, selectorType=TAG, selectorExpression='*', messageModel=CLUSTERING', tlsEnable=false}
2023-03-09 09:01:33.436  INFO 95696 --- [main] o.a.r.s.a.ListenerContainerConfiguration : Register the listener to container, listenerBeanName:sendMessageConsumer, containerBeanName:org.apache.rocketmq.spring.support.DefaultRocketMQListenerContainer_2
2023-03-09 09:01:33.486  INFO 95696 --- [main] o.s.b.w.embedded.tomcat.TomcatWebServer  : Tomcat started on port(s): 9090 (http) with context path '/admin'
2023-03-09 09:01:33.496  INFO 95696 --- [main] c.h.i.server.chat.ChatServerBootStarter  : IOC 容器准备完毕,准备创建Chat Server: 2023-03-09T09:01:33.496857300
2023-03-09 09:01:33.496  INFO 95696 --- [main] c.h.i.server.chat.ChatServerBootStarter  : 启动Chat Server: class com.hk.im.server.chat.ChatServerBootStarter-2023-03-09T09:01:33.496857300
2023-03-09 09:01:33.502  INFO 95696 --- [main] com.hk.im.admin.IMAdminApplication       : Started IMAdminApplication in 22.611 seconds (JVM running for 26.279)
2023-03-09 09:01:33.905  INFO 95696 --- [Thread-8] c.h.i.s.chat.server.HotKeyChatServer     : websocket 服务启动，ip=localhost,port=9870
2023-03-09 15:06:27.580  INFO 95696 --- [NettyClientSelector_1] RocketmqRemoting                         : closeChannel: close the connection to remote address[47.108.146.141:9876] result: true
2023-03-09 15:06:27.580  INFO 95696 --- [NettyClientSelector_1] RocketmqRemoting                         : closeChannel: close the connection to remote address[47.108.146.141:9876] result: true
2023-03-09 15:06:27.634  INFO 95696 --- [NettyClientSelector_1] RocketmqRemoting                         : closeChannel: close the connection to remote address[47.108.146.141:10911] result: true
2023-03-09 15:06:27.634  INFO 95696 --- [NettyClientSelector_1] RocketmqRemoting                         : closeChannel: close the connection to remote address[47.108.146.141:10911] result: true
2023-03-09 15:06:28.215  INFO 95696 --- [SpringApplicationShutdownHook] a.r.s.s.DefaultRocketMQListenerContainer : container destroyed, DefaultRocketMQListenerContainer{consumerGroup='chat-message-group', namespace='', nameServer='47.108.146.141:9876', topic='chat-topic', consumeMode=CONCURRENTLY, selectorType=TAG, selectorExpression='*', messageModel=CLUSTERING', tlsEnable=false}
2023-03-09 15:06:28.218  INFO 95696 --- [SpringApplicationShutdownHook] a.r.s.s.DefaultRocketMQListenerContainer : container destroyed, DefaultRocketMQListenerContainer{consumerGroup='chat-connect-group', namespace='', nameServer='47.108.146.141:9876', topic='connect-topic', consumeMode=CONCURRENTLY, selectorType=TAG, selectorExpression='*', messageModel=CLUSTERING', tlsEnable=false}
2023-03-09 15:06:28.343  INFO 95696 --- [NettyClientSelector_1] RocketmqRemoting                         : closeChannel: close the connection to remote address[47.108.146.141:10911] result: true
2023-03-09 15:06:28.344  INFO 95696 --- [NettyClientSelector_1] RocketmqRemoting                         : closeChannel: close the connection to remote address[47.108.146.141:9876] result: true
2023-03-09 15:06:28.354  INFO 95696 --- [SpringApplicationShutdownHook] j.LocalContainerEntityManagerFactoryBean : Closing JPA EntityManagerFactory for persistence unit 'default'
2023-03-09 15:06:28.444  INFO 95696 --- [SpringApplicationShutdownHook] com.alibaba.druid.pool.DruidDataSource   : {dataSource-1} closing ...
2023-03-09 15:06:28.458  INFO 95696 --- [SpringApplicationShutdownHook] com.alibaba.druid.pool.DruidDataSource   : {dataSource-1} closed
